2023-06-12 22:26:12,174 INFO o.a.j.u.JMeterUtils: Setting Locale to en_US
2023-06-12 22:26:12,197 INFO o.a.j.JMeter: Loading user properties from: user.properties
2023-06-12 22:26:12,197 INFO o.a.j.JMeter: Loading system properties from: system.properties
2023-06-12 22:26:12,205 INFO o.a.j.JMeter: Copyright (c) 1998-2022 The Apache Software Foundation
2023-06-12 22:26:12,205 INFO o.a.j.JMeter: Version 5.5
2023-06-12 22:26:12,205 INFO o.a.j.JMeter: java.version=11.0.18
2023-06-12 22:26:12,205 INFO o.a.j.JMeter: java.vm.name=Java HotSpot(TM) 64-Bit Server VM
2023-06-12 22:26:12,205 INFO o.a.j.JMeter: os.name=Windows 11
2023-06-12 22:26:12,205 INFO o.a.j.JMeter: os.arch=amd64
2023-06-12 22:26:12,205 INFO o.a.j.JMeter: os.version=10.0
2023-06-12 22:26:12,205 INFO o.a.j.JMeter: file.encoding=UTF-8
2023-06-12 22:26:12,205 INFO o.a.j.JMeter: java.awt.headless=null
2023-06-12 22:26:12,205 INFO o.a.j.JMeter: Max memory     =4219469824
2023-06-12 22:26:12,205 INFO o.a.j.JMeter: Available Processors =8
2023-06-12 22:26:12,213 INFO o.a.j.JMeter: Default Locale=English (United States)
2023-06-12 22:26:12,213 INFO o.a.j.JMeter: JMeter  Locale=English (United States)
2023-06-12 22:26:12,213 INFO o.a.j.JMeter: JMeterHome=C:\Users\Local_Admin\Downloads\apache-jmeter-5.5\apache-jmeter-5.5
2023-06-12 22:26:12,213 INFO o.a.j.JMeter: user.dir  =C:\Users\Local_Admin\Downloads\apache-jmeter-5.5\apache-jmeter-5.5\bin
2023-06-12 22:26:12,213 INFO o.a.j.JMeter: PWD       =C:\Users\Local_Admin\Downloads\apache-jmeter-5.5\apache-jmeter-5.5\bin
2023-06-12 22:26:12,224 INFO o.a.j.JMeter: IP: 192.168.0.123 Name: win-Local-Admin-42BP893 FullName: win-Local-Admin-42BP893
2023-06-12 22:26:12,237 INFO o.a.j.JMeter: Loaded icon properties from org/apache/jmeter/images/icon.properties
2023-06-12 22:26:12,493 INFO o.a.j.JMeterGuiLauncher: Setting LAF to: laf:javax.swing.plaf.nimbus.NimbusLookAndFeel
2023-06-15 15:10:24,537 INFO o.a.j.p.h.s.HTTPSamplerBase: Parser for text/html is org.apache.jmeter.protocol.http.parser.LagartoBasedHtmlParser
2023-06-15 15:10:24,537 INFO o.a.j.p.h.s.HTTPSamplerBase: Parser for application/xhtml+xml is org.apache.jmeter.protocol.http.parser.LagartoBasedHtmlParser
2023-06-15 15:10:24,537 INFO o.a.j.p.h.s.HTTPSamplerBase: Parser for application/xml is org.apache.jmeter.protocol.http.parser.LagartoBasedHtmlParser
2023-06-15 15:10:24,537 INFO o.a.j.p.h.s.HTTPSamplerBase: Parser for text/xml is org.apache.jmeter.protocol.http.parser.LagartoBasedHtmlParser
2023-06-15 15:10:24,537 INFO o.a.j.p.h.s.HTTPSamplerBase: Parser for text/vnd.wap.wml is org.apache.jmeter.protocol.http.parser.RegexpHTMLParser
2023-06-15 15:10:24,537 INFO o.a.j.p.h.s.HTTPSamplerBase: Parser for text/css is org.apache.jmeter.protocol.http.parser.CssParser
2023-06-15 15:28:02,250 INFO o.a.j.s.SampleResult: Note: Sample TimeStamps are START times
2023-06-15 15:28:02,250 INFO o.a.j.s.SampleResult: sampleresult.default.encoding is set to ISO-8859-1
2023-06-15 15:28:02,250 INFO o.a.j.s.SampleResult: sampleresult.useNanoTime=true
2023-06-15 15:28:02,250 INFO o.a.j.s.SampleResult: sampleresult.nanoThreadSleep=5000
2023-06-15 15:28:02,424 INFO o.a.j.v.ViewResultsFullVisualizer: Add JavaFX to your Java installation if you want to use renderer: org.apache.jmeter.visualizers.RenderInBrowser
2023-06-15 15:32:35,614 INFO o.a.j.s.FileServer: Default base='C:\Users\Local_Admin\Downloads\apache-jmeter-5.5\apache-jmeter-5.5\bin'
2023-06-15 15:32:35,623 INFO o.a.j.s.FileServer: Set new base='C:\Users\Local_Admin\Desktop'
2023-06-15 15:32:35,813 INFO o.a.j.s.SaveService: Testplan (JMX) version: 2.2. Testlog (JTL) version: 2.2
2023-06-15 15:32:35,840 INFO o.a.j.s.SaveService: Using SaveService properties version 5.0
2023-06-15 15:32:35,841 INFO o.a.j.s.SaveService: Using SaveService properties file encoding UTF-8
2023-06-15 15:32:35,860 INFO o.a.j.e.StandardJMeterEngine: Running the test!
2023-06-15 15:32:35,860 INFO o.a.j.s.SampleEvent: List of sample_variables: []
2023-06-15 15:32:35,860 INFO o.a.j.s.SampleEvent: List of sample_variables: []
2023-06-15 15:32:35,860 INFO o.a.j.e.u.CompoundVariable: Note: Function class names must contain the string: '.functions.'
2023-06-15 15:32:35,860 INFO o.a.j.e.u.CompoundVariable: Note: Function class names must not contain the string: '.gui.'
2023-06-15 15:32:36,114 INFO o.a.j.g.u.JMeterMenuBar: setRunning(true, *local*)
2023-06-15 15:32:36,168 INFO o.a.j.e.StandardJMeterEngine: Starting ThreadGroup: 1 : Thread Group-Users
2023-06-15 15:32:36,168 INFO o.a.j.e.StandardJMeterEngine: Starting 1 threads for group Thread Group-Users.
2023-06-15 15:32:36,168 INFO o.a.j.e.StandardJMeterEngine: Thread will continue on error
2023-06-15 15:32:36,168 INFO o.a.j.t.ThreadGroup: Starting thread group... number=1 threads=1 ramp-up=1 delayedStart=false
2023-06-15 15:32:36,173 INFO o.a.j.t.ThreadGroup: Started thread group number 1
2023-06-15 15:32:36,173 INFO o.a.j.e.StandardJMeterEngine: All thread groups have been started
2023-06-15 15:32:36,173 INFO o.a.j.t.JMeterThread: Thread started: Thread Group-Users 1-1
2023-06-15 15:32:36,178 INFO o.a.j.p.h.s.HTTPHCAbstractImpl: Local host = win-Local-Admin-42BP893
2023-06-15 15:32:36,194 INFO o.a.j.p.h.s.HTTPHC4Impl: HTTP request retry count = 0
2023-06-15 15:32:36,336 INFO o.a.j.p.h.s.h.LazyLayeredConnectionSocketFactory: Setting up HTTPS TrustAll Socket Factory
2023-06-15 15:32:36,336 INFO o.a.j.u.JsseSSLManager: Using default SSL protocol: TLS
2023-06-15 15:32:36,336 INFO o.a.j.u.JsseSSLManager: SSL session context: per-thread
2023-06-15 15:32:36,471 INFO o.a.j.u.SSLManager: JmeterKeyStore Location:  type JKS
2023-06-15 15:32:36,473 INFO o.a.j.u.SSLManager: KeyStore created OK
2023-06-15 15:32:36,473 WARN o.a.j.u.SSLManager: Keystore file not found, loading empty keystore
2023-06-15 15:32:36,955 INFO o.a.j.t.JMeterThread: Thread is done: Thread Group-Users 1-1
2023-06-15 15:32:36,955 INFO o.a.j.t.JMeterThread: Thread finished: Thread Group-Users 1-1
2023-06-15 15:32:36,955 INFO o.a.j.e.StandardJMeterEngine: Notifying test listeners of end of test
2023-06-15 15:32:36,955 INFO o.a.j.g.u.JMeterMenuBar: setRunning(false, *local*)
2023-06-15 15:35:59,624 INFO o.a.j.e.StandardJMeterEngine: Running the test!
2023-06-15 15:35:59,624 INFO o.a.j.s.SampleEvent: List of sample_variables: []
2023-06-15 15:35:59,627 INFO o.a.j.g.u.JMeterMenuBar: setRunning(true, *local*)
2023-06-15 15:35:59,659 INFO o.a.j.e.StandardJMeterEngine: Starting ThreadGroup: 1 : Thread Group-Users
2023-06-15 15:35:59,659 INFO o.a.j.e.StandardJMeterEngine: Starting 5 threads for group Thread Group-Users.
2023-06-15 15:35:59,659 INFO o.a.j.e.StandardJMeterEngine: Thread will continue on error
2023-06-15 15:35:59,659 INFO o.a.j.t.ThreadGroup: Starting thread group... number=1 threads=5 ramp-up=1 delayedStart=false
2023-06-15 15:35:59,659 INFO o.a.j.t.JMeterThread: Thread started: Thread Group-Users 1-1
2023-06-15 15:35:59,664 INFO o.a.j.t.ThreadGroup: Started thread group number 1
2023-06-15 15:35:59,665 INFO o.a.j.e.StandardJMeterEngine: All thread groups have been started
2023-06-15 15:35:59,861 INFO o.a.j.t.JMeterThread: Thread started: Thread Group-Users 1-2
2023-06-15 15:35:59,875 INFO o.a.j.t.JMeterThread: Thread is done: Thread Group-Users 1-1
2023-06-15 15:35:59,875 INFO o.a.j.t.JMeterThread: Thread finished: Thread Group-Users 1-1
2023-06-15 15:35:59,965 INFO o.a.j.t.JMeterThread: Thread is done: Thread Group-Users 1-2
2023-06-15 15:35:59,965 INFO o.a.j.t.JMeterThread: Thread finished: Thread Group-Users 1-2
2023-06-15 15:36:00,066 INFO o.a.j.t.JMeterThread: Thread started: Thread Group-Users 1-3
2023-06-15 15:36:00,179 INFO o.a.j.t.JMeterThread: Thread is done: Thread Group-Users 1-3
2023-06-15 15:36:00,180 INFO o.a.j.t.JMeterThread: Thread finished: Thread Group-Users 1-3
2023-06-15 15:36:00,267 INFO o.a.j.t.JMeterThread: Thread started: Thread Group-Users 1-4
2023-06-15 15:36:00,375 INFO o.a.j.t.JMeterThread: Thread is done: Thread Group-Users 1-4
2023-06-15 15:36:00,375 INFO o.a.j.t.JMeterThread: Thread finished: Thread Group-Users 1-4
2023-06-15 15:36:00,462 INFO o.a.j.t.JMeterThread: Thread started: Thread Group-Users 1-5
2023-06-15 15:36:00,575 INFO o.a.j.t.JMeterThread: Thread is done: Thread Group-Users 1-5
2023-06-15 15:36:00,575 INFO o.a.j.t.JMeterThread: Thread finished: Thread Group-Users 1-5
2023-06-15 15:36:00,575 INFO o.a.j.e.StandardJMeterEngine: Notifying test listeners of end of test
2023-06-15 15:36:00,583 INFO o.a.j.g.u.JMeterMenuBar: setRunning(false, *local*)
2023-06-15 15:36:12,684 INFO o.a.j.e.StandardJMeterEngine: Running the test!
2023-06-15 15:36:12,684 INFO o.a.j.s.SampleEvent: List of sample_variables: []
2023-06-15 15:36:12,684 INFO o.a.j.g.u.JMeterMenuBar: setRunning(true, *local*)
2023-06-15 15:36:12,727 INFO o.a.j.e.StandardJMeterEngine: Starting ThreadGroup: 1 : Thread Group-Users
2023-06-15 15:36:12,727 INFO o.a.j.e.StandardJMeterEngine: Starting 5 threads for group Thread Group-Users.
2023-06-15 15:36:12,727 INFO o.a.j.e.StandardJMeterEngine: Thread will continue on error
2023-06-15 15:36:12,727 INFO o.a.j.t.ThreadGroup: Starting thread group... number=1 threads=5 ramp-up=1 delayedStart=false
2023-06-15 15:36:12,727 INFO o.a.j.t.JMeterThread: Thread started: Thread Group-Users 1-1
2023-06-15 15:36:12,727 INFO o.a.j.t.ThreadGroup: Started thread group number 1
2023-06-15 15:36:12,727 INFO o.a.j.e.StandardJMeterEngine: All thread groups have been started
2023-06-15 15:36:12,825 INFO o.a.j.t.JMeterThread: Thread is done: Thread Group-Users 1-1
2023-06-15 15:36:12,825 INFO o.a.j.t.JMeterThread: Thread finished: Thread Group-Users 1-1
2023-06-15 15:36:12,931 INFO o.a.j.t.JMeterThread: Thread started: Thread Group-Users 1-2
2023-06-15 15:36:13,105 INFO o.a.j.t.JMeterThread: Thread is done: Thread Group-Users 1-2
2023-06-15 15:36:13,105 INFO o.a.j.t.JMeterThread: Thread finished: Thread Group-Users 1-2
2023-06-15 15:36:13,137 INFO o.a.j.t.JMeterThread: Thread started: Thread Group-Users 1-3
2023-06-15 15:36:13,234 INFO o.a.j.t.JMeterThread: Thread is done: Thread Group-Users 1-3
2023-06-15 15:36:13,234 INFO o.a.j.t.JMeterThread: Thread finished: Thread Group-Users 1-3
2023-06-15 15:36:13,328 INFO o.a.j.t.JMeterThread: Thread started: Thread Group-Users 1-4
2023-06-15 15:36:13,444 INFO o.a.j.t.JMeterThread: Thread is done: Thread Group-Users 1-4
2023-06-15 15:36:13,444 INFO o.a.j.t.JMeterThread: Thread finished: Thread Group-Users 1-4
2023-06-15 15:36:13,533 INFO o.a.j.t.JMeterThread: Thread started: Thread Group-Users 1-5
2023-06-15 15:36:13,694 INFO o.a.j.t.JMeterThread: Thread is done: Thread Group-Users 1-5
2023-06-15 15:36:13,694 INFO o.a.j.t.JMeterThread: Thread finished: Thread Group-Users 1-5
2023-06-15 15:36:13,695 INFO o.a.j.e.StandardJMeterEngine: Notifying test listeners of end of test
2023-06-15 15:36:13,695 INFO o.a.j.g.u.JMeterMenuBar: setRunning(false, *local*)
2023-06-15 15:37:41,675 INFO o.a.j.e.StandardJMeterEngine: Running the test!
2023-06-15 15:37:41,675 INFO o.a.j.s.SampleEvent: List of sample_variables: []
2023-06-15 15:37:41,675 INFO o.a.j.g.u.JMeterMenuBar: setRunning(true, *local*)
2023-06-15 15:37:41,722 INFO o.a.j.e.StandardJMeterEngine: Starting ThreadGroup: 1 : Thread Group-Users
2023-06-15 15:37:41,722 INFO o.a.j.e.StandardJMeterEngine: Starting 5 threads for group Thread Group-Users.
2023-06-15 15:37:41,722 INFO o.a.j.e.StandardJMeterEngine: Thread will continue on error
2023-06-15 15:37:41,722 INFO o.a.j.t.ThreadGroup: Starting thread group... number=1 threads=5 ramp-up=1 delayedStart=false
2023-06-15 15:37:41,722 INFO o.a.j.t.JMeterThread: Thread started: Thread Group-Users 1-1
2023-06-15 15:37:41,722 INFO o.a.j.t.ThreadGroup: Started thread group number 1
2023-06-15 15:37:41,738 INFO o.a.j.e.StandardJMeterEngine: All thread groups have been started
2023-06-15 15:37:41,854 INFO o.a.j.t.JMeterThread: Thread is done: Thread Group-Users 1-1
2023-06-15 15:37:41,854 INFO o.a.j.t.JMeterThread: Thread finished: Thread Group-Users 1-1
2023-06-15 15:37:41,928 INFO o.a.j.t.JMeterThread: Thread started: Thread Group-Users 1-2
2023-06-15 15:37:42,008 INFO o.a.j.t.JMeterThread: Thread is done: Thread Group-Users 1-2
2023-06-15 15:37:42,008 INFO o.a.j.t.JMeterThread: Thread finished: Thread Group-Users 1-2
2023-06-15 15:37:42,134 INFO o.a.j.t.JMeterThread: Thread started: Thread Group-Users 1-3
2023-06-15 15:37:42,229 INFO o.a.j.t.JMeterThread: Thread is done: Thread Group-Users 1-3
2023-06-15 15:37:42,239 INFO o.a.j.t.JMeterThread: Thread finished: Thread Group-Users 1-3
2023-06-15 15:37:42,324 INFO o.a.j.t.JMeterThread: Thread started: Thread Group-Users 1-4
2023-06-15 15:37:42,418 INFO o.a.j.t.JMeterThread: Thread is done: Thread Group-Users 1-4
2023-06-15 15:37:42,418 INFO o.a.j.t.JMeterThread: Thread finished: Thread Group-Users 1-4
2023-06-15 15:37:42,544 INFO o.a.j.t.JMeterThread: Thread started: Thread Group-Users 1-5
2023-06-15 15:37:42,699 INFO o.a.j.t.JMeterThread: Thread is done: Thread Group-Users 1-5
2023-06-15 15:37:42,699 INFO o.a.j.t.JMeterThread: Thread finished: Thread Group-Users 1-5
2023-06-15 15:37:42,699 INFO o.a.j.e.StandardJMeterEngine: Notifying test listeners of end of test
2023-06-15 15:37:42,699 INFO o.a.j.g.u.JMeterMenuBar: setRunning(false, *local*)
2023-06-15 15:37:55,563 INFO o.a.j.e.StandardJMeterEngine: Running the test!
2023-06-15 15:37:55,563 INFO o.a.j.s.SampleEvent: List of sample_variables: []
2023-06-15 15:37:55,563 INFO o.a.j.g.u.JMeterMenuBar: setRunning(true, *local*)
2023-06-15 15:37:55,603 INFO o.a.j.e.StandardJMeterEngine: Starting ThreadGroup: 1 : Thread Group-Users
2023-06-15 15:37:55,603 INFO o.a.j.e.StandardJMeterEngine: Starting 5 threads for group Thread Group-Users.
2023-06-15 15:37:55,603 INFO o.a.j.e.StandardJMeterEngine: Thread will continue on error
2023-06-15 15:37:55,603 INFO o.a.j.t.ThreadGroup: Starting thread group... number=1 threads=5 ramp-up=1 delayedStart=false
2023-06-15 15:37:55,603 INFO o.a.j.t.JMeterThread: Thread started: Thread Group-Users 1-1
2023-06-15 15:37:55,603 INFO o.a.j.t.ThreadGroup: Started thread group number 1
2023-06-15 15:37:55,603 INFO o.a.j.e.StandardJMeterEngine: All thread groups have been started
2023-06-15 15:37:55,698 INFO o.a.j.t.JMeterThread: Thread is done: Thread Group-Users 1-1
2023-06-15 15:37:55,698 INFO o.a.j.t.JMeterThread: Thread finished: Thread Group-Users 1-1
2023-06-15 15:37:55,809 INFO o.a.j.t.JMeterThread: Thread started: Thread Group-Users 1-2
2023-06-15 15:37:55,912 INFO o.a.j.t.JMeterThread: Thread is done: Thread Group-Users 1-2
2023-06-15 15:37:55,912 INFO o.a.j.t.JMeterThread: Thread finished: Thread Group-Users 1-2
2023-06-15 15:37:56,014 INFO o.a.j.t.JMeterThread: Thread started: Thread Group-Users 1-3
2023-06-15 15:37:56,126 INFO o.a.j.t.JMeterThread: Thread is done: Thread Group-Users 1-3
2023-06-15 15:37:56,126 INFO o.a.j.t.JMeterThread: Thread finished: Thread Group-Users 1-3
2023-06-15 15:37:56,204 INFO o.a.j.t.JMeterThread: Thread started: Thread Group-Users 1-4
2023-06-15 15:37:56,299 INFO o.a.j.t.JMeterThread: Thread is done: Thread Group-Users 1-4
2023-06-15 15:37:56,299 INFO o.a.j.t.JMeterThread: Thread finished: Thread Group-Users 1-4
2023-06-15 15:37:56,409 INFO o.a.j.t.JMeterThread: Thread started: Thread Group-Users 1-5
2023-06-15 15:37:56,488 INFO o.a.j.t.JMeterThread: Thread is done: Thread Group-Users 1-5
2023-06-15 15:37:56,488 INFO o.a.j.t.JMeterThread: Thread finished: Thread Group-Users 1-5
2023-06-15 15:37:56,488 INFO o.a.j.e.StandardJMeterEngine: Notifying test listeners of end of test
2023-06-15 15:37:56,488 INFO o.a.j.g.u.JMeterMenuBar: setRunning(false, *local*)
2023-06-15 15:43:43,000 INFO o.a.j.e.StandardJMeterEngine: Running the test!
2023-06-15 15:43:43,000 INFO o.a.j.s.SampleEvent: List of sample_variables: []
2023-06-15 15:43:43,000 INFO o.a.j.g.u.JMeterMenuBar: setRunning(true, *local*)
2023-06-15 15:43:43,040 INFO o.a.j.e.StandardJMeterEngine: Starting ThreadGroup: 1 : Thread Group-Users
2023-06-15 15:43:43,040 INFO o.a.j.e.StandardJMeterEngine: Starting 5 threads for group Thread Group-Users.
2023-06-15 15:43:43,040 INFO o.a.j.e.StandardJMeterEngine: Thread will continue on error
2023-06-15 15:43:43,040 INFO o.a.j.t.ThreadGroup: Starting thread group... number=1 threads=5 ramp-up=1 delayedStart=false
2023-06-15 15:43:43,040 INFO o.a.j.t.JMeterThread: Thread started: Thread Group-Users 1-1
2023-06-15 15:43:43,040 INFO o.a.j.t.ThreadGroup: Started thread group number 1
2023-06-15 15:43:43,040 INFO o.a.j.e.StandardJMeterEngine: All thread groups have been started
2023-06-15 15:43:43,231 INFO o.a.j.t.JMeterThread: Thread is done: Thread Group-Users 1-1
2023-06-15 15:43:43,231 INFO o.a.j.t.JMeterThread: Thread finished: Thread Group-Users 1-1
2023-06-15 15:43:43,240 INFO o.a.j.t.JMeterThread: Thread started: Thread Group-Users 1-2
2023-06-15 15:43:43,369 INFO o.a.j.t.JMeterThread: Thread is done: Thread Group-Users 1-2
2023-06-15 15:43:43,369 INFO o.a.j.t.JMeterThread: Thread finished: Thread Group-Users 1-2
2023-06-15 15:43:43,445 INFO o.a.j.t.JMeterThread: Thread started: Thread Group-Users 1-3
2023-06-15 15:43:43,539 INFO o.a.j.t.JMeterThread: Thread is done: Thread Group-Users 1-3
2023-06-15 15:43:43,540 INFO o.a.j.t.JMeterThread: Thread finished: Thread Group-Users 1-3
2023-06-15 15:43:43,651 INFO o.a.j.t.JMeterThread: Thread started: Thread Group-Users 1-4
2023-06-15 15:43:43,749 INFO o.a.j.t.JMeterThread: Thread is done: Thread Group-Users 1-4
2023-06-15 15:43:43,749 INFO o.a.j.t.JMeterThread: Thread finished: Thread Group-Users 1-4
2023-06-15 15:43:43,841 INFO o.a.j.t.JMeterThread: Thread started: Thread Group-Users 1-5
2023-06-15 15:43:44,110 INFO o.a.j.t.JMeterThread: Thread is done: Thread Group-Users 1-5
2023-06-15 15:43:44,110 INFO o.a.j.t.JMeterThread: Thread finished: Thread Group-Users 1-5
2023-06-15 15:43:44,110 INFO o.a.j.e.StandardJMeterEngine: Notifying test listeners of end of test
2023-06-15 15:43:44,110 INFO o.a.j.g.u.JMeterMenuBar: setRunning(false, *local*)
2023-06-15 15:44:48,322 INFO o.a.j.e.StandardJMeterEngine: Running the test!
2023-06-15 15:44:48,322 INFO o.a.j.s.SampleEvent: List of sample_variables: []
2023-06-15 15:44:48,322 INFO o.a.j.g.u.JMeterMenuBar: setRunning(true, *local*)
2023-06-15 15:44:48,370 INFO o.a.j.e.StandardJMeterEngine: Starting ThreadGroup: 1 : Thread Group-Users
2023-06-15 15:44:48,370 INFO o.a.j.e.StandardJMeterEngine: Starting 5 threads for group Thread Group-Users.
2023-06-15 15:44:48,370 INFO o.a.j.e.StandardJMeterEngine: Thread will continue on error
2023-06-15 15:44:48,370 INFO o.a.j.t.ThreadGroup: Starting thread group... number=1 threads=5 ramp-up=1 delayedStart=false
2023-06-15 15:44:48,370 INFO o.a.j.t.JMeterThread: Thread started: Thread Group-Users 1-1
2023-06-15 15:44:48,372 INFO o.a.j.t.ThreadGroup: Started thread group number 1
2023-06-15 15:44:48,372 INFO o.a.j.e.StandardJMeterEngine: All thread groups have been started
2023-06-15 15:44:48,510 INFO o.a.j.t.JMeterThread: Thread is done: Thread Group-Users 1-1
2023-06-15 15:44:48,510 INFO o.a.j.t.JMeterThread: Thread finished: Thread Group-Users 1-1
2023-06-15 15:44:48,581 INFO o.a.j.t.JMeterThread: Thread started: Thread Group-Users 1-2
2023-06-15 15:44:48,699 INFO o.a.j.t.JMeterThread: Thread is done: Thread Group-Users 1-2
2023-06-15 15:44:48,699 INFO o.a.j.t.JMeterThread: Thread finished: Thread Group-Users 1-2
2023-06-15 15:44:48,771 INFO o.a.j.t.JMeterThread: Thread started: Thread Group-Users 1-3
2023-06-15 15:44:48,880 INFO o.a.j.t.JMeterThread: Thread is done: Thread Group-Users 1-3
2023-06-15 15:44:48,880 INFO o.a.j.t.JMeterThread: Thread finished: Thread Group-Users 1-3
2023-06-15 15:44:48,978 INFO o.a.j.t.JMeterThread: Thread started: Thread Group-Users 1-4
2023-06-15 15:44:49,120 INFO o.a.j.t.JMeterThread: Thread is done: Thread Group-Users 1-4
2023-06-15 15:44:49,120 INFO o.a.j.t.JMeterThread: Thread finished: Thread Group-Users 1-4
2023-06-15 15:44:49,182 INFO o.a.j.t.JMeterThread: Thread started: Thread Group-Users 1-5
2023-06-15 15:44:49,292 INFO o.a.j.t.JMeterThread: Thread is done: Thread Group-Users 1-5
2023-06-15 15:44:49,292 INFO o.a.j.t.JMeterThread: Thread finished: Thread Group-Users 1-5
2023-06-15 15:44:49,292 INFO o.a.j.e.StandardJMeterEngine: Notifying test listeners of end of test
2023-06-15 15:44:49,292 INFO o.a.j.g.u.JMeterMenuBar: setRunning(false, *local*)
2023-06-15 16:05:05,416 INFO o.a.j.g.a.t.TemplateManager: Reading templates from: C:\Users\Local_Admin\Downloads\apache-jmeter-5.5\apache-jmeter-5.5\bin\templates\templates.xml
2023-06-15 16:07:24,385 INFO o.a.j.g.a.Load: Loading file: C:\Users\Local_Admin\Desktop\View Results Tree.jmx
2023-06-15 16:07:24,385 INFO o.a.j.s.FileServer: Set new base='C:\Users\Local_Admin\Desktop'
2023-06-15 16:07:24,385 INFO o.a.j.s.SaveService: Loading file: C:\Users\Local_Admin\Desktop\View Results Tree.jmx
2023-06-15 16:07:24,433 INFO o.a.j.v.ViewResultsFullVisualizer: Add JavaFX to your Java installation if you want to use renderer: org.apache.jmeter.visualizers.RenderInBrowser
2023-06-15 16:07:24,467 INFO o.a.j.s.FileServer: Set new base='C:\Users\Local_Admin\Desktop'
2023-06-15 16:10:35,154 INFO o.a.j.e.KeyToolUtils: keytool found at 'keytool'
2023-06-15 16:10:35,154 INFO o.a.j.p.h.p.ProxyControl: HTTP(S) Test Script Recorder SSL Proxy will use keys that support embedded 3rd party resources in file C:\Users\Local_Admin\Downloads\apache-jmeter-5.5\apache-jmeter-5.5\bin\proxyserver.jks
2023-06-15 16:50:40,854 INFO o.a.j.g.a.Load: Loading file: C:\Users\Local_Admin\Downloads\CRMPRO_TEST.jmx
2023-06-15 16:50:40,854 INFO o.a.j.s.FileServer: Set new base='C:\Users\Local_Admin\Downloads'
2023-06-15 16:50:40,854 INFO o.a.j.s.SaveService: Loading file: C:\Users\Local_Admin\Downloads\CRMPRO_TEST.jmx
2023-06-15 16:50:40,874 INFO o.a.j.p.h.c.CookieManager: Settings: Delete null: true Check: true Allow variable: true Save: false Prefix: COOKIE_
2023-06-15 16:50:40,874 INFO o.a.j.p.h.c.CacheManager: Will only cache the following methods: [GET]
2023-06-15 16:50:41,024 INFO o.a.j.s.FileServer: Set new base='C:\Users\Local_Admin\Downloads'
2023-06-15 16:54:11,234 INFO o.a.j.v.ViewResultsFullVisualizer: Add JavaFX to your Java installation if you want to use renderer: org.apache.jmeter.visualizers.RenderInBrowser
2023-06-15 16:54:40,464 INFO o.a.j.e.StandardJMeterEngine: Running the test!
2023-06-15 16:54:40,464 INFO o.a.j.s.SampleEvent: List of sample_variables: []
2023-06-15 16:54:40,464 INFO o.a.j.g.u.JMeterMenuBar: setRunning(true, *local*)
2023-06-15 16:54:40,563 INFO o.a.j.e.StandardJMeterEngine: Starting ThreadGroup: 1 : Thread Group
2023-06-15 16:54:40,563 INFO o.a.j.e.StandardJMeterEngine: Starting 1 threads for group Thread Group.
2023-06-15 16:54:40,563 INFO o.a.j.e.StandardJMeterEngine: Thread will continue on error
2023-06-15 16:54:40,563 INFO o.a.j.t.ThreadGroup: Starting thread group... number=1 threads=1 ramp-up=1 delayedStart=false
2023-06-15 16:54:40,567 INFO o.a.j.t.ThreadGroup: Started thread group number 1
2023-06-15 16:54:40,567 INFO o.a.j.e.StandardJMeterEngine: All thread groups have been started
2023-06-15 16:54:40,567 INFO o.a.j.t.JMeterThread: Thread started: Thread Group 1-1
2023-06-15 16:54:41,682 INFO o.a.j.p.h.p.BaseParser: Created org.apache.jmeter.protocol.http.parser.LagartoBasedHtmlParser
2023-06-15 16:54:41,735 INFO o.a.j.p.h.s.ResourcesDownloader: Creating ResourcesDownloader with keepalive_inseconds : 60
2023-06-15 16:54:41,884 INFO o.a.j.p.h.p.BaseParser: Created org.apache.jmeter.protocol.http.parser.CssParser
2023-06-15 16:54:41,884 INFO o.a.j.p.h.p.BaseParser: Created org.apache.jmeter.protocol.http.parser.CssParser
2023-06-15 16:54:42,016 WARN c.h.c.r.e.LoggingCSSParseErrorHandler: [44:3] Deprecated property name '*margin-right'
2023-06-15 16:54:42,097 WARN c.h.c.r.e.LoggingCSSParseErrorHandler: [271:3] Deprecated property name '*line-height'
2023-06-15 16:54:42,101 WARN c.h.c.r.e.LoggingCSSParseErrorHandler: [275:3] Deprecated property name '*line-height'
2023-06-15 16:54:42,834 WARN c.h.c.r.e.LoggingCSSParseErrorHandler: [42:41] Unexpected rule '@import': import rule in the middle of the file is not allowed!
2023-06-15 16:54:42,834 WARN c.h.c.r.e.LoggingCSSParseErrorHandler: [43:37] Unexpected rule '@import': import rule in the middle of the file is not allowed!
2023-06-15 16:56:06,935 INFO o.a.j.t.JMeterThread: Thread is done: Thread Group 1-1
2023-06-15 16:56:06,935 INFO o.a.j.t.JMeterThread: Thread finished: Thread Group 1-1
2023-06-15 16:56:06,935 INFO o.a.j.e.StandardJMeterEngine: Notifying test listeners of end of test
2023-06-15 16:56:06,940 INFO o.a.j.g.u.JMeterMenuBar: setRunning(false, *local*)
2023-06-15 17:25:27,370 INFO o.a.j.g.a.Load: Loading file: C:\Users\Local_Admin\Downloads\rediff_Test.jmx
2023-06-15 17:25:27,370 INFO o.a.j.s.FileServer: Set new base='C:\Users\Local_Admin\Downloads'
2023-06-15 17:25:27,370 INFO o.a.j.s.SaveService: Loading file: C:\Users\Local_Admin\Downloads\rediff_Test.jmx
2023-06-15 17:25:27,395 INFO o.a.j.s.FileServer: Set new base='C:\Users\Local_Admin\Downloads'
2023-06-15 17:25:27,395 ERROR o.a.j.JMeter: Uncaught exception in thread Thread[AWT-EventQueue-0,6,main]
java.lang.NullPointerException: null
	at javax.swing.plaf.basic.BasicTreeUI.getDropLineRect(BasicTreeUI.java:1513) ~[?:?]
	at javax.swing.plaf.basic.BasicTreeUI$Handler.repaintDropLocation(BasicTreeUI.java:3879) ~[?:?]
	at javax.swing.plaf.basic.BasicTreeUI$Handler.propertyChange(BasicTreeUI.java:3865) ~[?:?]
	at java.beans.PropertyChangeSupport.fire(PropertyChangeSupport.java:341) ~[?:?]
	at java.beans.PropertyChangeSupport.firePropertyChange(PropertyChangeSupport.java:333) ~[?:?]
	at java.beans.PropertyChangeSupport.firePropertyChange(PropertyChangeSupport.java:266) ~[?:?]
	at java.awt.Component.firePropertyChange(Component.java:8731) ~[?:?]
	at javax.swing.JTree.setDropLocation(JTree.java:1470) ~[?:?]
	at javax.swing.TransferHandler$DropHandler.setComponentDropLocation(TransferHandler.java:1452) ~[?:?]
	at javax.swing.TransferHandler$DropHandler.cleanup(TransferHandler.java:1570) ~[?:?]
	at javax.swing.TransferHandler$DropHandler.drop(TransferHandler.java:1550) ~[?:?]
	at java.awt.dnd.DropTarget.drop(DropTarget.java:452) ~[?:?]
	at javax.swing.TransferHandler$SwingDropTarget.drop(TransferHandler.java:1282) ~[?:?]
	at sun.awt.dnd.SunDropTargetContextPeer.processDropMessage(SunDropTargetContextPeer.java:547) ~[?:?]
	at sun.awt.dnd.SunDropTargetContextPeer$EventDispatcher.dispatchDropEvent(SunDropTargetContextPeer.java:863) ~[?:?]
	at sun.awt.dnd.SunDropTargetContextPeer$EventDispatcher.dispatchEvent(SunDropTargetContextPeer.java:787) ~[?:?]
	at sun.awt.dnd.SunDropTargetEvent.dispatch(SunDropTargetEvent.java:48) ~[?:?]
	at java.awt.Component.dispatchEventImpl(Component.java:4876) ~[?:?]
	at java.awt.Container.dispatchEventImpl(Container.java:2321) ~[?:?]
	at java.awt.Component.dispatchEvent(Component.java:4843) ~[?:?]
	at java.awt.LightweightDispatcher.retargetMouseEvent(Container.java:4918) ~[?:?]
	at java.awt.LightweightDispatcher.processDropTargetEvent(Container.java:4621) ~[?:?]
	at java.awt.LightweightDispatcher.dispatchEvent(Container.java:4483) ~[?:?]
	at java.awt.Container.dispatchEventImpl(Container.java:2307) ~[?:?]
	at java.awt.Window.dispatchEventImpl(Window.java:2772) ~[?:?]
	at java.awt.Component.dispatchEvent(Component.java:4843) ~[?:?]
	at java.awt.EventQueue.dispatchEventImpl(EventQueue.java:772) ~[?:?]
	at java.awt.EventQueue$4.run(EventQueue.java:721) ~[?:?]
	at java.awt.EventQueue$4.run(EventQueue.java:715) ~[?:?]
	at java.security.AccessController.doPrivileged(Native Method) ~[?:?]
	at java.security.ProtectionDomain$JavaSecurityAccessImpl.doIntersectionPrivilege(ProtectionDomain.java:85) ~[?:?]
	at java.security.ProtectionDomain$JavaSecurityAccessImpl.doIntersectionPrivilege(ProtectionDomain.java:95) ~[?:?]
	at java.awt.EventQueue$5.run(EventQueue.java:745) ~[?:?]
	at java.awt.EventQueue$5.run(EventQueue.java:743) ~[?:?]
	at java.security.AccessController.doPrivileged(Native Method) ~[?:?]
	at java.security.ProtectionDomain$JavaSecurityAccessImpl.doIntersectionPrivilege(ProtectionDomain.java:85) ~[?:?]
	at java.awt.EventQueue.dispatchEvent(EventQueue.java:742) ~[?:?]
	at java.awt.EventDispatchThread.pumpOneEventForFilters(EventDispatchThread.java:203) ~[?:?]
	at java.awt.EventDispatchThread.pumpEventsForFilter(EventDispatchThread.java:124) ~[?:?]
	at java.awt.EventDispatchThread.pumpEventsForHierarchy(EventDispatchThread.java:113) ~[?:?]
	at java.awt.EventDispatchThread.pumpEvents(EventDispatchThread.java:109) ~[?:?]
	at java.awt.EventDispatchThread.pumpEvents(EventDispatchThread.java:101) ~[?:?]
	at java.awt.EventDispatchThread.run(EventDispatchThread.java:90) ~[?:?]
2023-06-15 17:26:41,026 INFO o.a.j.v.ViewResultsFullVisualizer: Add JavaFX to your Java installation if you want to use renderer: org.apache.jmeter.visualizers.RenderInBrowser
2023-06-15 17:26:53,971 INFO o.a.j.e.StandardJMeterEngine: Running the test!
2023-06-15 17:26:53,971 INFO o.a.j.s.SampleEvent: List of sample_variables: []
2023-06-15 17:26:53,971 INFO o.a.j.g.u.JMeterMenuBar: setRunning(true, *local*)
2023-06-15 17:26:54,034 INFO o.a.j.e.StandardJMeterEngine: Starting ThreadGroup: 1 : Thread Group
2023-06-15 17:26:54,034 INFO o.a.j.e.StandardJMeterEngine: Starting 1 threads for group Thread Group.
2023-06-15 17:26:54,034 INFO o.a.j.e.StandardJMeterEngine: Thread will continue on error
2023-06-15 17:26:54,034 INFO o.a.j.t.ThreadGroup: Starting thread group... number=1 threads=1 ramp-up=1 delayedStart=false
2023-06-15 17:26:54,034 INFO o.a.j.t.ThreadGroup: Started thread group number 1
2023-06-15 17:26:54,034 INFO o.a.j.e.StandardJMeterEngine: All thread groups have been started
2023-06-15 17:26:54,034 INFO o.a.j.t.JMeterThread: Thread started: Thread Group 1-1
2023-06-15 17:26:54,641 WARN c.h.c.r.e.LoggingCSSParseErrorHandler: Browser compliant mode skipped CSS from [157:76] starting at token ';' until [157:80] to token ';' (based on com.helger.css.parser.ParseException: Encountered unexpected token: "0" <NUMBER>
    at line 157, column 77.

Was expecting one of:

    "$"
    "*"
    ";"
    "@bottom-center"
    "@bottom-left"
    "@bottom-left-corner"
    "@bottom-right"
    "@bottom-right-corner"
    "@charset"
    "@footnote"
    "@import"
    "@left-bottom"
    "@left-middle"
    "@left-top"
    "@media"
    "@namespace"
    "@page"
    "@right-bottom"
    "@right-middle"
    "@right-top"
    "@supports"
    "@top-center"
    "@top-left"
    "@top-left-corner"
    "@top-right"
    "@top-right-corner"
    "}"
    <AT_UNKNOWN>
    <FONTFACE_SYM>
    <IDENT>
    <KEYFRAMES_SYM>
    <S>
    <VIEWPORT_SYM>
)
2023-06-15 17:27:16,236 WARN c.h.c.r.e.LoggingCSSParseErrorHandler: Browser compliant mode skipped CSS from [156:76] starting at token ';' until [156:80] to token ';' (based on com.helger.css.parser.ParseException: Encountered unexpected token: "0" <NUMBER>
    at line 156, column 77.

Was expecting one of:

    "$"
    "*"
    ";"
    "@bottom-center"
    "@bottom-left"
    "@bottom-left-corner"
    "@bottom-right"
    "@bottom-right-corner"
    "@charset"
    "@footnote"
    "@import"
    "@left-bottom"
    "@left-middle"
    "@left-top"
    "@media"
    "@namespace"
    "@page"
    "@right-bottom"
    "@right-middle"
    "@right-top"
    "@supports"
    "@top-center"
    "@top-left"
    "@top-left-corner"
    "@top-right"
    "@top-right-corner"
    "}"
    <AT_UNKNOWN>
    <FONTFACE_SYM>
    <IDENT>
    <KEYFRAMES_SYM>
    <S>
    <VIEWPORT_SYM>
)
2023-06-15 17:27:36,443 WARN c.h.c.r.e.LoggingCSSParseErrorHandler: Browser compliant mode skipped CSS from [157:76] starting at token ';' until [157:80] to token ';' (based on com.helger.css.parser.ParseException: Encountered unexpected token: "0" <NUMBER>
    at line 157, column 77.

Was expecting one of:

    "$"
    "*"
    ";"
    "@bottom-center"
    "@bottom-left"
    "@bottom-left-corner"
    "@bottom-right"
    "@bottom-right-corner"
    "@charset"
    "@footnote"
    "@import"
    "@left-bottom"
    "@left-middle"
    "@left-top"
    "@media"
    "@namespace"
    "@page"
    "@right-bottom"
    "@right-middle"
    "@right-top"
    "@supports"
    "@top-center"
    "@top-left"
    "@top-left-corner"
    "@top-right"
    "@top-right-corner"
    "}"
    <AT_UNKNOWN>
    <FONTFACE_SYM>
    <IDENT>
    <KEYFRAMES_SYM>
    <S>
    <VIEWPORT_SYM>
)
2023-06-15 17:27:38,222 INFO o.a.j.t.JMeterThread: Thread is done: Thread Group 1-1
2023-06-15 17:27:38,222 INFO o.a.j.t.JMeterThread: Thread finished: Thread Group 1-1
2023-06-15 17:27:38,231 INFO o.a.j.e.StandardJMeterEngine: Notifying test listeners of end of test
2023-06-15 17:27:38,231 INFO o.a.j.g.u.JMeterMenuBar: setRunning(false, *local*)
2023-06-15 17:28:39,131 INFO o.a.j.e.StandardJMeterEngine: Running the test!
2023-06-15 17:28:39,131 INFO o.a.j.s.SampleEvent: List of sample_variables: []
2023-06-15 17:28:39,131 INFO o.a.j.g.u.JMeterMenuBar: setRunning(true, *local*)
2023-06-15 17:28:39,187 INFO o.a.j.e.StandardJMeterEngine: Starting ThreadGroup: 1 : Thread Group
2023-06-15 17:28:39,189 INFO o.a.j.e.StandardJMeterEngine: Starting 10 threads for group Thread Group.
2023-06-15 17:28:39,189 INFO o.a.j.e.StandardJMeterEngine: Thread will continue on error
2023-06-15 17:28:39,189 INFO o.a.j.t.ThreadGroup: Starting thread group... number=1 threads=10 ramp-up=1 delayedStart=false
2023-06-15 17:28:39,191 INFO o.a.j.t.JMeterThread: Thread started: Thread Group 1-1
2023-06-15 17:28:39,194 INFO o.a.j.t.ThreadGroup: Started thread group number 1
2023-06-15 17:28:39,194 INFO o.a.j.e.StandardJMeterEngine: All thread groups have been started
2023-06-15 17:28:39,298 INFO o.a.j.t.JMeterThread: Thread started: Thread Group 1-2
2023-06-15 17:28:39,392 INFO o.a.j.t.JMeterThread: Thread started: Thread Group 1-3
2023-06-15 17:28:39,490 INFO o.a.j.t.JMeterThread: Thread started: Thread Group 1-4
2023-06-15 17:28:39,590 INFO o.a.j.t.JMeterThread: Thread started: Thread Group 1-5
2023-06-15 17:28:39,690 INFO o.a.j.t.JMeterThread: Thread started: Thread Group 1-6
2023-06-15 17:28:39,791 INFO o.a.j.t.JMeterThread: Thread started: Thread Group 1-7
2023-06-15 17:28:39,891 INFO o.a.j.t.JMeterThread: Thread started: Thread Group 1-8
2023-06-15 17:28:39,991 INFO o.a.j.t.JMeterThread: Thread started: Thread Group 1-9
2023-06-15 17:28:40,091 INFO o.a.j.t.JMeterThread: Thread started: Thread Group 1-10
2023-06-15 17:29:08,401 INFO o.a.j.t.JMeterThread: Thread is done: Thread Group 1-1
2023-06-15 17:29:08,401 INFO o.a.j.t.JMeterThread: Thread finished: Thread Group 1-1
2023-06-15 17:29:13,233 INFO o.a.j.t.JMeterThread: Thread is done: Thread Group 1-4
2023-06-15 17:29:13,233 INFO o.a.j.t.JMeterThread: Thread finished: Thread Group 1-4
2023-06-15 17:29:17,294 INFO o.a.j.t.JMeterThread: Thread is done: Thread Group 1-5
2023-06-15 17:29:17,294 INFO o.a.j.t.JMeterThread: Thread finished: Thread Group 1-5
2023-06-15 17:29:21,285 INFO o.a.j.t.JMeterThread: Thread is done: Thread Group 1-7
2023-06-15 17:29:21,285 INFO o.a.j.t.JMeterThread: Thread finished: Thread Group 1-7
2023-06-15 17:29:21,642 INFO o.a.j.t.JMeterThread: Thread is done: Thread Group 1-9
2023-06-15 17:29:21,642 INFO o.a.j.t.JMeterThread: Thread finished: Thread Group 1-9
2023-06-15 17:29:27,496 INFO o.a.j.t.JMeterThread: Thread is done: Thread Group 1-2
2023-06-15 17:29:27,496 INFO o.a.j.t.JMeterThread: Thread finished: Thread Group 1-2
2023-06-15 17:29:32,223 INFO o.a.j.t.JMeterThread: Thread is done: Thread Group 1-6
2023-06-15 17:29:32,223 INFO o.a.j.t.JMeterThread: Thread finished: Thread Group 1-6
2023-06-15 17:29:32,308 INFO o.a.j.t.JMeterThread: Thread is done: Thread Group 1-10
2023-06-15 17:29:32,308 INFO o.a.j.t.JMeterThread: Thread finished: Thread Group 1-10
2023-06-15 17:29:41,391 INFO o.a.j.t.JMeterThread: Thread is done: Thread Group 1-3
2023-06-15 17:29:41,392 INFO o.a.j.t.JMeterThread: Thread finished: Thread Group 1-3
2023-06-15 17:29:51,750 INFO o.a.j.t.JMeterThread: Thread is done: Thread Group 1-8
2023-06-15 17:29:51,750 INFO o.a.j.t.JMeterThread: Thread finished: Thread Group 1-8
2023-06-15 17:29:51,758 INFO o.a.j.e.StandardJMeterEngine: Notifying test listeners of end of test
2023-06-15 17:29:51,758 INFO o.a.j.g.u.JMeterMenuBar: setRunning(false, *local*)
